c:\users\sauchoy\documents\university work\year 2\in2012 games tech\games tech coursework\vc\asteroids\debug\vc141.pdb
c:\users\sauchoy\documents\university work\year 2\in2012 games tech\games tech coursework\vc\asteroids\debug\vc141.idb
c:\users\sauchoy\documents\university work\year 2\in2012 games tech\games tech coursework\vc\asteroids\debug\asteroid.obj
c:\users\sauchoy\documents\university work\year 2\in2012 games tech\games tech coursework\vc\asteroids\debug\asteroids.obj
c:\users\sauchoy\documents\university work\year 2\in2012 games tech\games tech coursework\vc\asteroids\debug\bullet.obj
c:\users\sauchoy\documents\university work\year 2\in2012 games tech\games tech coursework\vc\asteroids\debug\demobullet.obj
c:\users\sauchoy\documents\university work\year 2\in2012 games tech\games tech coursework\vc\asteroids\debug\demospaceship.obj
c:\users\sauchoy\documents\university work\year 2\in2012 games tech\games tech coursework\vc\asteroids\debug\explosion.obj
c:\users\sauchoy\documents\university work\year 2\in2012 games tech\games tech coursework\vc\asteroids\debug\main.obj
c:\users\sauchoy\documents\university work\year 2\in2012 games tech\games tech coursework\vc\asteroids\debug\powerup.obj
c:\users\sauchoy\documents\university work\year 2\in2012 games tech\games tech coursework\vc\asteroids\debug\spaceship.obj
c:\users\sauchoy\documents\university work\year 2\in2012 games tech\games tech coursework\bin\asteroids.exe
c:\users\sauchoy\documents\university work\year 2\in2012 games tech\games tech coursework\bin\asteroids.ilk
c:\users\sauchoy\documents\university work\year 2\in2012 games tech\games tech coursework\vc\asteroids\debug\asteroids.pdb
c:\users\sauchoy\documents\university work\year 2\in2012 games tech\games tech coursework\vc\asteroids\..\..\bin\asteroids.exe
c:\users\sauchoy\documents\university work\year 2\in2012 games tech\games tech coursework\vc\asteroids\debug\asteroids.tlog\cl.command.1.tlog
c:\users\sauchoy\documents\university work\year 2\in2012 games tech\games tech coursework\vc\asteroids\debug\asteroids.tlog\cl.read.1.tlog
c:\users\sauchoy\documents\university work\year 2\in2012 games tech\games tech coursework\vc\asteroids\debug\asteroids.tlog\cl.write.1.tlog
c:\users\sauchoy\documents\university work\year 2\in2012 games tech\games tech coursework\vc\asteroids\debug\asteroids.tlog\link.command.1.tlog
c:\users\sauchoy\documents\university work\year 2\in2012 games tech\games tech coursework\vc\asteroids\debug\asteroids.tlog\link.read.1.tlog
c:\users\sauchoy\documents\university work\year 2\in2012 games tech\games tech coursework\vc\asteroids\debug\asteroids.tlog\link.write.1.tlog
