cl : Command line warning D9035: option 'Gm' has been deprecated and will be removed in a future release
  Spaceship.cpp
  PowerUp.cpp
  main.cpp
  Explosion.cpp
  DemoSpaceship.cpp
  DemoBullet.cpp
  Bullet.cpp
  Asteroids.cpp
  Asteroid.cpp
  Generating Code...
Asteroid.obj : warning LNK4075: ignoring '/EDITANDCONTINUE' due to '/SAFESEH' specification
  Asteroids.vcxproj -> C:\Users\Sauchoy\Documents\University Work\Year 2\IN2012 Games Tech\Games Tech Coursework\VC\Asteroids\..\..\bin\Asteroids.exe
  ..\..\assets\asteroid.shape
  ..\..\assets\asteroid1_fs.png
  ..\..\assets\bullet.shape
  ..\..\assets\explosion_fs.png
  ..\..\assets\heart_fs.png
  ..\..\assets\spaceship.shape
  ..\..\assets\spaceship_fs.png
  ..\..\assets\thruster.shape
          8 file(s) copied.
